

Started GET "/assets/rails.png" for 127.0.0.1 at 2014-02-21 13:52:11 -0400
Connecting to database specified by database.yml
Served asset /rails.png - 200 OK (25ms)


Started GET "/movies" for 127.0.0.1 at 2014-02-21 13:52:18 -0400
Processing by MoviesController#index as HTML
Completed 500 Internal Server Error in 1ms

ActiveRecord::StatementInvalid (Could not find table 'movies'):
  app/controllers/movies_controller.rb:10:in `index'


  Rendered /home/saasbook/.rvm/gems/ruby-2.0.0-p353@railstutorial_rails_4_0/gems/actionpack-3.2.14/lib/action_dispatch/middleware/templates/rescues/_trace.erb (3.6ms)
  Rendered /home/saasbook/.rvm/gems/ruby-2.0.0-p353@railstutorial_rails_4_0/gems/actionpack-3.2.14/lib/action_dispatch/middleware/templates/rescues/_request_and_response.erb (3.6ms)
  Rendered /home/saasbook/.rvm/gems/ruby-2.0.0-p353@railstutorial_rails_4_0/gems/actionpack-3.2.14/lib/action_dispatch/middleware/templates/rescues/diagnostics.erb within rescues/layout (29.9ms)
Connecting to database specified by database.yml
  [1m[36m (0.4ms)[0m  [1mselect sqlite_version(*)[0m
  [1m[35m (139.5ms)[0m  CREATE TABLE "schema_migrations" ("version" varchar(255) NOT NULL) 
  [1m[36m (30.7ms)[0m  [1mCREATE UNIQUE INDEX "unique_schema_migrations" ON "schema_migrations" ("version")[0m
  [1m[35m (0.2ms)[0m  SELECT "schema_migrations"."version" FROM "schema_migrations" 
Migrating to CreateMovies (20111119180638)
  [1m[36m (0.1ms)[0m  [1mbegin transaction[0m
  [1m[35m (1.0ms)[0m  CREATE TABLE "movies" ("id" INTEGER PRIMARY KEY AUTOINCREMENT NOT NULL, "title" varchar(255), "rating" varchar(255), "description" text, "release_date" datetime, "created_at" datetime NOT NULL, "updated_at" datetime NOT NULL) 
  [1m[36m (0.2ms)[0m  [1mINSERT INTO "schema_migrations" ("version") VALUES ('20111119180638')[0m
  [1m[35m (41.3ms)[0m  commit transaction
  [1m[36m (0.1ms)[0m  [1mSELECT "schema_migrations"."version" FROM "schema_migrations" [0m
Connecting to database specified by database.yml
  [1m[36m (0.1ms)[0m  [1mSELECT "schema_migrations"."version" FROM "schema_migrations" [0m
  [1m[35m (0.3ms)[0m  begin transaction
  [1m[36mSQL (16.1ms)[0m  [1mINSERT INTO "movies" ("created_at", "description", "rating", "release_date", "title", "updated_at") VALUES (?, ?, ?, ?, ?, ?)[0m  [["created_at", Fri, 21 Feb 2014 18:12:20 UTC +00:00], ["description", nil], ["rating", "G"], ["release_date", Wed, 25 Nov 1992 00:00:00 UTC +00:00], ["title", "Aladdin"], ["updated_at", Fri, 21 Feb 2014 18:12:20 UTC +00:00]]
  [1m[35m (81.7ms)[0m  commit transaction
  [1m[36m (0.2ms)[0m  [1mbegin transaction[0m
  [1m[35mSQL (1.1ms)[0m  INSERT INTO "movies" ("created_at", "description", "rating", "release_date", "title", "updated_at") VALUES (?, ?, ?, ?, ?, ?)  [["created_at", Fri, 21 Feb 2014 18:12:21 UTC +00:00], ["description", nil], ["rating", "R"], ["release_date", Fri, 26 Oct 1984 00:00:00 UTC +00:00], ["title", "The Terminator"], ["updated_at", Fri, 21 Feb 2014 18:12:21 UTC +00:00]]
  [1m[36m (28.4ms)[0m  [1mcommit transaction[0m
  [1m[35m (0.5ms)[0m  begin transaction
  [1m[36mSQL (0.8ms)[0m  [1mINSERT INTO "movies" ("created_at", "description", "rating", "release_date", "title", "updated_at") VALUES (?, ?, ?, ?, ?, ?)[0m  [["created_at", Fri, 21 Feb 2014 18:12:21 UTC +00:00], ["description", nil], ["rating", "R"], ["release_date", Fri, 21 Jul 1989 00:00:00 UTC +00:00], ["title", "When Harry Met Sally"], ["updated_at", Fri, 21 Feb 2014 18:12:21 UTC +00:00]]
  [1m[35m (29.1ms)[0m  commit transaction
  [1m[36m (0.2ms)[0m  [1mbegin transaction[0m
  [1m[35mSQL (0.7ms)[0m  INSERT INTO "movies" ("created_at", "description", "rating", "release_date", "title", "updated_at") VALUES (?, ?, ?, ?, ?, ?)  [["created_at", Fri, 21 Feb 2014 18:12:21 UTC +00:00], ["description", nil], ["rating", "PG-13"], ["release_date", Wed, 10 Aug 2011 00:00:00 UTC +00:00], ["title", "The Help"], ["updated_at", Fri, 21 Feb 2014 18:12:21 UTC +00:00]]
  [1m[36m (34.8ms)[0m  [1mcommit transaction[0m
  [1m[35m (0.2ms)[0m  begin transaction
  [1m[36mSQL (0.7ms)[0m  [1mINSERT INTO "movies" ("created_at", "description", "rating", "release_date", "title", "updated_at") VALUES (?, ?, ?, ?, ?, ?)[0m  [["created_at", Fri, 21 Feb 2014 18:12:21 UTC +00:00], ["description", nil], ["rating", "PG-13"], ["release_date", Fri, 05 Jan 2001 00:00:00 UTC +00:00], ["title", "Chocolat"], ["updated_at", Fri, 21 Feb 2014 18:12:21 UTC +00:00]]
  [1m[35m (51.8ms)[0m  commit transaction
  [1m[36m (0.5ms)[0m  [1mbegin transaction[0m
  [1m[35mSQL (1.3ms)[0m  INSERT INTO "movies" ("created_at", "description", "rating", "release_date", "title", "updated_at") VALUES (?, ?, ?, ?, ?, ?)  [["created_at", Fri, 21 Feb 2014 18:12:21 UTC +00:00], ["description", nil], ["rating", "R"], ["release_date", Wed, 25 Apr 2001 00:00:00 UTC +00:00], ["title", "Amelie"], ["updated_at", Fri, 21 Feb 2014 18:12:21 UTC +00:00]]
  [1m[36m (62.7ms)[0m  [1mcommit transaction[0m
  [1m[35m (0.2ms)[0m  begin transaction
  [1m[36mSQL (0.4ms)[0m  [1mINSERT INTO "movies" ("created_at", "description", "rating", "release_date", "title", "updated_at") VALUES (?, ?, ?, ?, ?, ?)[0m  [["created_at", Fri, 21 Feb 2014 18:12:21 UTC +00:00], ["description", nil], ["rating", "G"], ["release_date", Sat, 06 Apr 1968 00:00:00 UTC +00:00], ["title", "2001: A Space Odyssey"], ["updated_at", Fri, 21 Feb 2014 18:12:21 UTC +00:00]]
  [1m[35m (22.6ms)[0m  commit transaction
  [1m[36m (0.1ms)[0m  [1mbegin transaction[0m
  [1m[35mSQL (0.5ms)[0m  INSERT INTO "movies" ("created_at", "description", "rating", "release_date", "title", "updated_at") VALUES (?, ?, ?, ?, ?, ?)  [["created_at", Fri, 21 Feb 2014 18:12:21 UTC +00:00], ["description", nil], ["rating", "PG"], ["release_date", Fri, 05 Nov 2004 00:00:00 UTC +00:00], ["title", "The Incredibles"], ["updated_at", Fri, 21 Feb 2014 18:12:21 UTC +00:00]]
  [1m[36m (27.0ms)[0m  [1mcommit transaction[0m
  [1m[35m (0.0ms)[0m  begin transaction
  [1m[36mSQL (0.4ms)[0m  [1mINSERT INTO "movies" ("created_at", "description", "rating", "release_date", "title", "updated_at") VALUES (?, ?, ?, ?, ?, ?)[0m  [["created_at", Fri, 21 Feb 2014 18:12:21 UTC +00:00], ["description", nil], ["rating", "PG"], ["release_date", Fri, 12 Jun 1981 00:00:00 UTC +00:00], ["title", "Raiders of the Lost Ark"], ["updated_at", Fri, 21 Feb 2014 18:12:21 UTC +00:00]]
  [1m[35m (32.2ms)[0m  commit transaction
  [1m[36m (0.1ms)[0m  [1mbegin transaction[0m
  [1m[35mSQL (0.2ms)[0m  INSERT INTO "movies" ("created_at", "description", "rating", "release_date", "title", "updated_at") VALUES (?, ?, ?, ?, ?, ?)  [["created_at", Fri, 21 Feb 2014 18:12:21 UTC +00:00], ["description", nil], ["rating", "G"], ["release_date", Wed, 21 Jun 2000 00:00:00 UTC +00:00], ["title", "Chicken Run"], ["updated_at", Fri, 21 Feb 2014 18:12:21 UTC +00:00]]
  [1m[36m (62.4ms)[0m  [1mcommit transaction[0m


Started GET "/movies" for 127.0.0.1 at 2014-02-21 14:13:36 -0400
Connecting to database specified by database.yml
Processing by MoviesController#index as HTML
  [1m[36mMovie Load (0.4ms)[0m  [1mSELECT "movies".* FROM "movies" [0m
  Rendered movies/index.html.haml within layouts/application (7.8ms)
Compiled application.css  (0ms)  (pid 2378)
Compiled jquery.js  (36ms)  (pid 2378)
Compiled jquery_ujs.js  (0ms)  (pid 2378)
Compiled application.js  (80ms)  (pid 2378)
Completed 200 OK in 212ms (Views: 204.0ms | ActiveRecord: 0.4ms)


Started GET "/assets/application.css?body=1" for 127.0.0.1 at 2014-02-21 14:13:36 -0400
Served asset /application.css - 200 OK (2ms)


Started GET "/assets/jquery.js?body=1" for 127.0.0.1 at 2014-02-21 14:13:36 -0400
Served asset /jquery.js - 200 OK (5ms)


Started GET "/assets/jquery_ujs.js?body=1" for 127.0.0.1 at 2014-02-21 14:13:36 -0400
Served asset /jquery_ujs.js - 200 OK (2ms)


Started GET "/assets/application.js?body=1" for 127.0.0.1 at 2014-02-21 14:13:36 -0400
Served asset /application.js - 200 OK (12ms)


Started GET "/movies/1" for 127.0.0.1 at 2014-02-21 14:14:07 -0400
Processing by MoviesController#show as HTML
  Parameters: {"id"=>"1"}
  [1m[35mMovie Load (0.1ms)[0m  SELECT "movies".* FROM "movies" WHERE "movies"."id" = ? LIMIT 1  [["id", "1"]]
  Rendered movies/show.html.haml within layouts/application (8.3ms)
Completed 200 OK in 85ms (Views: 83.0ms | ActiveRecord: 0.1ms)


Started GET "/assets/application.css?body=1" for 127.0.0.1 at 2014-02-21 14:14:07 -0400
Served asset /application.css - 304 Not Modified (0ms)


Started GET "/assets/application.js?body=1" for 127.0.0.1 at 2014-02-21 14:14:07 -0400
Served asset /application.js - 304 Not Modified (3ms)


Started GET "/assets/jquery_ujs.js?body=1" for 127.0.0.1 at 2014-02-21 14:14:07 -0400
Served asset /jquery_ujs.js - 304 Not Modified (0ms)


Started GET "/assets/jquery.js?body=1" for 127.0.0.1 at 2014-02-21 14:14:07 -0400
Served asset /jquery.js - 304 Not Modified (5ms)


Started GET "/movies" for 127.0.0.1 at 2014-02-21 14:52:58 -0400
Processing by MoviesController#index as HTML
  [1m[36mMovie Load (5.0ms)[0m  [1mSELECT "movies".* FROM "movies" [0m
  Rendered movies/index.html.haml within layouts/application (40.1ms)
Completed 200 OK in 65ms (Views: 55.9ms | ActiveRecord: 5.0ms)


Started GET "/assets/application.css?body=1" for 127.0.0.1 at 2014-02-21 14:52:58 -0400
Served asset /application.css - 304 Not Modified (0ms)


Started GET "/assets/application.js?body=1" for 127.0.0.1 at 2014-02-21 14:52:58 -0400
Served asset /application.js - 304 Not Modified (1ms)


Started GET "/assets/jquery.js?body=1" for 127.0.0.1 at 2014-02-21 14:52:58 -0400
Served asset /jquery.js - 304 Not Modified (0ms)


Started GET "/assets/jquery_ujs.js?body=1" for 127.0.0.1 at 2014-02-21 14:52:58 -0400
Served asset /jquery_ujs.js - 304 Not Modified (0ms)


Started GET "/movies?sorting_by=title" for 127.0.0.1 at 2014-02-21 14:53:02 -0400
Processing by MoviesController#index as HTML
  Parameters: {"sorting_by"=>"title"}
  [1m[35mMovie Load (0.6ms)[0m  SELECT "movies".* FROM "movies" 
  Rendered movies/index.html.haml within layouts/application (4.0ms)
Completed 200 OK in 103ms (Views: 7.9ms | ActiveRecord: 0.6ms)


Started GET "/assets/application.css?body=1" for 127.0.0.1 at 2014-02-21 14:53:02 -0400
Served asset /application.css - 304 Not Modified (18ms)


Started GET "/assets/jquery.js?body=1" for 127.0.0.1 at 2014-02-21 14:53:03 -0400
Served asset /jquery.js - 304 Not Modified (0ms)


Started GET "/assets/application.js?body=1" for 127.0.0.1 at 2014-02-21 14:53:03 -0400
Served asset /application.js - 304 Not Modified (1ms)


Started GET "/assets/jquery_ujs.js?body=1" for 127.0.0.1 at 2014-02-21 14:53:03 -0400
Served asset /jquery_ujs.js - 304 Not Modified (0ms)


Started GET "/movies?sorting_by=rating" for 127.0.0.1 at 2014-02-21 14:53:06 -0400
Processing by MoviesController#index as HTML
  Parameters: {"sorting_by"=>"rating"}
  [1m[36mMovie Load (5.6ms)[0m  [1mSELECT "movies".* FROM "movies" [0m
  Rendered movies/index.html.haml within layouts/application (25.2ms)
Completed 200 OK in 73ms (Views: 63.3ms | ActiveRecord: 5.6ms)


Started GET "/assets/application.css?body=1" for 127.0.0.1 at 2014-02-21 14:53:07 -0400
Served asset /application.css - 304 Not Modified (0ms)


Started GET "/assets/jquery.js?body=1" for 127.0.0.1 at 2014-02-21 14:53:07 -0400
Served asset /jquery.js - 304 Not Modified (0ms)


Started GET "/assets/jquery_ujs.js?body=1" for 127.0.0.1 at 2014-02-21 14:53:07 -0400
Served asset /jquery_ujs.js - 304 Not Modified (0ms)


Started GET "/assets/application.js?body=1" for 127.0.0.1 at 2014-02-21 14:53:07 -0400
Served asset /application.js - 304 Not Modified (1ms)


Started GET "/movies?sorting_by=release_date" for 127.0.0.1 at 2014-02-21 14:53:09 -0400
Processing by MoviesController#index as HTML
  Parameters: {"sorting_by"=>"release_date"}
  [1m[35mMovie Load (3.8ms)[0m  SELECT "movies".* FROM "movies" 
  Rendered movies/index.html.haml within layouts/application (9.4ms)
Completed 200 OK in 23ms (Views: 17.2ms | ActiveRecord: 3.8ms)


Started GET "/assets/application.css?body=1" for 127.0.0.1 at 2014-02-21 14:53:09 -0400
Served asset /application.css - 304 Not Modified (0ms)


Started GET "/assets/jquery_ujs.js?body=1" for 127.0.0.1 at 2014-02-21 14:53:09 -0400
Served asset /jquery_ujs.js - 304 Not Modified (0ms)


Started GET "/assets/application.js?body=1" for 127.0.0.1 at 2014-02-21 14:53:09 -0400
Served asset /application.js - 304 Not Modified (6ms)


Started GET "/assets/jquery.js?body=1" for 127.0.0.1 at 2014-02-21 14:53:09 -0400
Served asset /jquery.js - 304 Not Modified (6ms)


Started GET "/movies?sorting_by=release_date" for 127.0.0.1 at 2014-02-21 15:04:33 -0400
Processing by MoviesController#index as HTML
  Parameters: {"sorting_by"=>"release_date"}
  [1m[36mMovie Load (0.4ms)[0m  [1mSELECT "movies".* FROM "movies" [0m
Completed 500 Internal Server Error in 18ms

NoMethodError (undefined method `order' for #<Array:0xb56ba778>):
  app/controllers/movies_controller.rb:20:in `index'


  Rendered /home/saasbook/.rvm/gems/ruby-2.0.0-p353@railstutorial_rails_4_0/gems/actionpack-3.2.14/lib/action_dispatch/middleware/templates/rescues/_trace.erb (2.5ms)
  Rendered /home/saasbook/.rvm/gems/ruby-2.0.0-p353@railstutorial_rails_4_0/gems/actionpack-3.2.14/lib/action_dispatch/middleware/templates/rescues/_request_and_response.erb (1.2ms)
  Rendered /home/saasbook/.rvm/gems/ruby-2.0.0-p353@railstutorial_rails_4_0/gems/actionpack-3.2.14/lib/action_dispatch/middleware/templates/rescues/diagnostics.erb within rescues/layout (15.2ms)


Started GET "/movies?sorting_by=release_date" for 127.0.0.1 at 2014-02-21 15:06:12 -0400
Processing by MoviesController#index as HTML
  Parameters: {"sorting_by"=>"release_date"}
  [1m[35mMovie Load (0.3ms)[0m  SELECT "movies".* FROM "movies" 
  [1m[36mMovie Load (0.3ms)[0m  [1mSELECT "movies".* FROM "movies" ORDER BY release_date[0m
  Rendered movies/index.html.haml within layouts/application (6.7ms)
Completed 200 OK in 22ms (Views: 11.8ms | ActiveRecord: 0.5ms)


Started GET "/assets/application.css?body=1" for 127.0.0.1 at 2014-02-21 15:06:13 -0400
Served asset /application.css - 304 Not Modified (0ms)


Started GET "/assets/jquery.js?body=1" for 127.0.0.1 at 2014-02-21 15:06:13 -0400
Served asset /jquery.js - 304 Not Modified (0ms)


Started GET "/assets/jquery_ujs.js?body=1" for 127.0.0.1 at 2014-02-21 15:06:13 -0400
Served asset /jquery_ujs.js - 304 Not Modified (0ms)


Started GET "/assets/application.js?body=1" for 127.0.0.1 at 2014-02-21 15:06:13 -0400
Served asset /application.js - 304 Not Modified (1ms)


Started GET "/movies?sorting_by=rating" for 127.0.0.1 at 2014-02-21 15:06:23 -0400
Processing by MoviesController#index as HTML
  Parameters: {"sorting_by"=>"rating"}
  [1m[35mMovie Load (0.7ms)[0m  SELECT "movies".* FROM "movies" 
  [1m[36mMovie Load (0.9ms)[0m  [1mSELECT "movies".* FROM "movies" ORDER BY rating[0m
  Rendered movies/index.html.haml within layouts/application (19.6ms)
Completed 200 OK in 34ms (Views: 27.3ms | ActiveRecord: 1.6ms)


Started GET "/assets/jquery.js?body=1" for 127.0.0.1 at 2014-02-21 15:06:23 -0400
Served asset /jquery.js - 304 Not Modified (6ms)


Started GET "/assets/application.css?body=1" for 127.0.0.1 at 2014-02-21 15:06:23 -0400
Served asset /application.css - 304 Not Modified (0ms)


Started GET "/assets/jquery_ujs.js?body=1" for 127.0.0.1 at 2014-02-21 15:06:23 -0400
Served asset /jquery_ujs.js - 304 Not Modified (0ms)


Started GET "/assets/application.js?body=1" for 127.0.0.1 at 2014-02-21 15:06:23 -0400
Served asset /application.js - 304 Not Modified (1ms)


Started GET "/movies?sorting_by=release_date" for 127.0.0.1 at 2014-02-21 15:06:26 -0400
Processing by MoviesController#index as HTML
  Parameters: {"sorting_by"=>"release_date"}
  [1m[35mMovie Load (0.3ms)[0m  SELECT "movies".* FROM "movies" 
  [1m[36mMovie Load (0.4ms)[0m  [1mSELECT "movies".* FROM "movies" ORDER BY release_date[0m
  Rendered movies/index.html.haml within layouts/application (12.1ms)
Completed 200 OK in 21ms (Views: 18.6ms | ActiveRecord: 0.7ms)


Started GET "/assets/application.css?body=1" for 127.0.0.1 at 2014-02-21 15:06:26 -0400
Served asset /application.css - 304 Not Modified (0ms)


Started GET "/assets/jquery.js?body=1" for 127.0.0.1 at 2014-02-21 15:06:26 -0400
Served asset /jquery.js - 304 Not Modified (0ms)


Started GET "/assets/jquery_ujs.js?body=1" for 127.0.0.1 at 2014-02-21 15:06:26 -0400
Served asset /jquery_ujs.js - 304 Not Modified (0ms)


Started GET "/assets/application.js?body=1" for 127.0.0.1 at 2014-02-21 15:06:26 -0400
Served asset /application.js - 304 Not Modified (1ms)


Started GET "/movies?sorting_by=title" for 127.0.0.1 at 2014-02-21 15:06:31 -0400
Processing by MoviesController#index as HTML
  Parameters: {"sorting_by"=>"title"}
  [1m[35mMovie Load (0.3ms)[0m  SELECT "movies".* FROM "movies" 
  [1m[36mMovie Load (0.3ms)[0m  [1mSELECT "movies".* FROM "movies" ORDER BY title[0m
  Rendered movies/index.html.haml within layouts/application (9.8ms)
Completed 200 OK in 15ms (Views: 13.5ms | ActiveRecord: 0.6ms)


Started GET "/assets/application.css?body=1" for 127.0.0.1 at 2014-02-21 15:06:31 -0400
Served asset /application.css - 304 Not Modified (0ms)


Started GET "/assets/jquery.js?body=1" for 127.0.0.1 at 2014-02-21 15:06:31 -0400
Served asset /jquery.js - 304 Not Modified (0ms)


Started GET "/assets/jquery_ujs.js?body=1" for 127.0.0.1 at 2014-02-21 15:06:31 -0400
Served asset /jquery_ujs.js - 304 Not Modified (0ms)


Started GET "/assets/application.js?body=1" for 127.0.0.1 at 2014-02-21 15:06:31 -0400
Served asset /application.js - 304 Not Modified (1ms)


Started GET "/movies?sorting_by=title" for 127.0.0.1 at 2014-02-21 15:33:58 -0400
Processing by MoviesController#index as HTML
  Parameters: {"sorting_by"=>"title"}
  [1m[35mMovie Load (0.2ms)[0m  SELECT "movies".* FROM "movies" 
  [1m[36mMovie Load (0.3ms)[0m  [1mSELECT "movies".* FROM "movies" ORDER BY title[0m
  Rendered movies/index.html.haml within layouts/application (7.9ms)
Compiled application.css  (0ms)  (pid 2378)
Completed 200 OK in 40ms (Views: 17.7ms | ActiveRecord: 0.5ms)


Started GET "/assets/application.css?body=1" for 127.0.0.1 at 2014-02-21 15:33:58 -0400
Served asset /application.css - 200 OK (1ms)


Started GET "/assets/application.js?body=1" for 127.0.0.1 at 2014-02-21 15:33:58 -0400
Served asset /application.js - 304 Not Modified (1ms)


Started GET "/assets/jquery_ujs.js?body=1" for 127.0.0.1 at 2014-02-21 15:33:58 -0400
Served asset /jquery_ujs.js - 304 Not Modified (0ms)


Started GET "/assets/jquery.js?body=1" for 127.0.0.1 at 2014-02-21 15:33:58 -0400
Served asset /jquery.js - 304 Not Modified (0ms)


Started GET "/movies?sorting_by=rating" for 127.0.0.1 at 2014-02-21 15:34:03 -0400
Processing by MoviesController#index as HTML
  Parameters: {"sorting_by"=>"rating"}
  [1m[35mMovie Load (0.4ms)[0m  SELECT "movies".* FROM "movies" 
  [1m[36mMovie Load (0.3ms)[0m  [1mSELECT "movies".* FROM "movies" ORDER BY rating[0m
  Rendered movies/index.html.haml within layouts/application (6.8ms)
Completed 200 OK in 21ms (Views: 13.7ms | ActiveRecord: 0.7ms)


Started GET "/assets/jquery_ujs.js?body=1" for 127.0.0.1 at 2014-02-21 15:34:03 -0400
Served asset /jquery_ujs.js - 304 Not Modified (15ms)


Started GET "/assets/application.js?body=1" for 127.0.0.1 at 2014-02-21 15:34:03 -0400
Served asset /application.js - 304 Not Modified (1ms)


Started GET "/assets/application.css?body=1" for 127.0.0.1 at 2014-02-21 15:34:03 -0400
Served asset /application.css - 304 Not Modified (50ms)


Started GET "/assets/jquery.js?body=1" for 127.0.0.1 at 2014-02-21 15:34:03 -0400
Served asset /jquery.js - 304 Not Modified (3ms)


Started GET "/movies?sorting_by=release_date" for 127.0.0.1 at 2014-02-21 15:34:05 -0400
Processing by MoviesController#index as HTML
  Parameters: {"sorting_by"=>"release_date"}
  [1m[35mMovie Load (0.3ms)[0m  SELECT "movies".* FROM "movies" 
  [1m[36mMovie Load (0.0ms)[0m  [1mSELECT "movies".* FROM "movies" ORDER BY release_date[0m
  Rendered movies/index.html.haml within layouts/application (10.6ms)
Completed 200 OK in 15ms (Views: 13.9ms | ActiveRecord: 0.3ms)


Started GET "/assets/application.css?body=1" for 127.0.0.1 at 2014-02-21 15:34:05 -0400
Served asset /application.css - 304 Not Modified (0ms)


Started GET "/assets/jquery.js?body=1" for 127.0.0.1 at 2014-02-21 15:34:05 -0400
Served asset /jquery.js - 304 Not Modified (0ms)


Started GET "/assets/jquery_ujs.js?body=1" for 127.0.0.1 at 2014-02-21 15:34:05 -0400
Served asset /jquery_ujs.js - 304 Not Modified (0ms)


Started GET "/assets/application.js?body=1" for 127.0.0.1 at 2014-02-21 15:34:05 -0400
Served asset /application.js - 304 Not Modified (1ms)


Started GET "/movies?sorting_by=rating" for 127.0.0.1 at 2014-02-21 15:34:12 -0400
Processing by MoviesController#index as HTML
  Parameters: {"sorting_by"=>"rating"}
  [1m[35mMovie Load (0.3ms)[0m  SELECT "movies".* FROM "movies" 
  [1m[36mMovie Load (0.4ms)[0m  [1mSELECT "movies".* FROM "movies" ORDER BY rating[0m
  Rendered movies/index.html.haml within layouts/application (10.1ms)
Completed 200 OK in 20ms (Views: 14.3ms | ActiveRecord: 0.7ms)


Started GET "/assets/application.css?body=1" for 127.0.0.1 at 2014-02-21 15:34:12 -0400
Served asset /application.css - 304 Not Modified (0ms)


Started GET "/assets/jquery_ujs.js?body=1" for 127.0.0.1 at 2014-02-21 15:34:12 -0400
Served asset /jquery_ujs.js - 304 Not Modified (0ms)


Started GET "/assets/application.js?body=1" for 127.0.0.1 at 2014-02-21 15:34:12 -0400
Served asset /application.js - 304 Not Modified (11ms)


Started GET "/assets/jquery.js?body=1" for 127.0.0.1 at 2014-02-21 15:34:12 -0400
Served asset /jquery.js - 304 Not Modified (1ms)


Started GET "/movies?sorting_by=rating" for 127.0.0.1 at 2014-02-21 15:35:14 -0400
Processing by MoviesController#index as HTML
  Parameters: {"sorting_by"=>"rating"}
  [1m[35mMovie Load (0.2ms)[0m  SELECT "movies".* FROM "movies" 
  [1m[36mMovie Load (7.2ms)[0m  [1mSELECT "movies".* FROM "movies" ORDER BY rating[0m
  Rendered movies/index.html.haml within layouts/application (15.3ms)
Completed 200 OK in 29ms (Views: 16.8ms | ActiveRecord: 7.4ms)


Started GET "/assets/application.css?body=1" for 127.0.0.1 at 2014-02-21 15:35:14 -0400
Served asset /application.css - 304 Not Modified (0ms)


Started GET "/assets/jquery.js?body=1" for 127.0.0.1 at 2014-02-21 15:35:14 -0400
Served asset /jquery.js - 304 Not Modified (0ms)


Started GET "/assets/jquery_ujs.js?body=1" for 127.0.0.1 at 2014-02-21 15:35:14 -0400
Served asset /jquery_ujs.js - 304 Not Modified (0ms)


Started GET "/assets/application.js?body=1" for 127.0.0.1 at 2014-02-21 15:35:14 -0400
Served asset /application.js - 304 Not Modified (1ms)


Started GET "/movies?sorting_by=release_date" for 127.0.0.1 at 2014-02-21 15:35:17 -0400
Processing by MoviesController#index as HTML
  Parameters: {"sorting_by"=>"release_date"}
  [1m[35mMovie Load (0.2ms)[0m  SELECT "movies".* FROM "movies" 
  [1m[36mMovie Load (0.3ms)[0m  [1mSELECT "movies".* FROM "movies" ORDER BY release_date[0m
  Rendered movies/index.html.haml within layouts/application (5.4ms)
Completed 200 OK in 12ms (Views: 10.1ms | ActiveRecord: 0.5ms)


Started GET "/assets/application.css?body=1" for 127.0.0.1 at 2014-02-21 15:35:17 -0400
Served asset /application.css - 304 Not Modified (0ms)


Started GET "/assets/jquery.js?body=1" for 127.0.0.1 at 2014-02-21 15:35:17 -0400
Served asset /jquery.js - 304 Not Modified (0ms)


Started GET "/assets/jquery_ujs.js?body=1" for 127.0.0.1 at 2014-02-21 15:35:17 -0400
Served asset /jquery_ujs.js - 304 Not Modified (0ms)


Started GET "/assets/application.js?body=1" for 127.0.0.1 at 2014-02-21 15:35:17 -0400
Served asset /application.js - 304 Not Modified (1ms)


Started GET "/movies?sorting_by=release_date" for 127.0.0.1 at 2014-02-21 15:36:14 -0400
Processing by MoviesController#index as HTML
  Parameters: {"sorting_by"=>"release_date"}
  [1m[35mMovie Load (0.5ms)[0m  SELECT "movies".* FROM "movies" 
  [1m[36mMovie Load (0.3ms)[0m  [1mSELECT "movies".* FROM "movies" ORDER BY release_date[0m
  Rendered movies/index.html.haml within layouts/application (7.8ms)
Completed 200 OK in 18ms (Views: 11.5ms | ActiveRecord: 0.8ms)


Started GET "/assets/application.css?body=1" for 127.0.0.1 at 2014-02-21 15:36:14 -0400
Served asset /application.css - 304 Not Modified (0ms)


Started GET "/assets/jquery_ujs.js?body=1" for 127.0.0.1 at 2014-02-21 15:36:14 -0400
Served asset /jquery_ujs.js - 304 Not Modified (0ms)


Started GET "/assets/application.js?body=1" for 127.0.0.1 at 2014-02-21 15:36:14 -0400
Served asset /application.js - 304 Not Modified (0ms)


Started GET "/assets/jquery.js?body=1" for 127.0.0.1 at 2014-02-21 15:36:14 -0400
Served asset /jquery.js - 304 Not Modified (0ms)


Started GET "/movies?sorting_by=rating" for 127.0.0.1 at 2014-02-21 15:36:17 -0400
Processing by MoviesController#index as HTML
  Parameters: {"sorting_by"=>"rating"}
  [1m[35mMovie Load (0.4ms)[0m  SELECT "movies".* FROM "movies" 
  [1m[36mMovie Load (0.3ms)[0m  [1mSELECT "movies".* FROM "movies" ORDER BY rating[0m
  Rendered movies/index.html.haml within layouts/application (5.3ms)
Completed 200 OK in 13ms (Views: 10.0ms | ActiveRecord: 0.6ms)


Started GET "/assets/application.css?body=1" for 127.0.0.1 at 2014-02-21 15:36:17 -0400
Served asset /application.css - 304 Not Modified (0ms)


Started GET "/assets/jquery.js?body=1" for 127.0.0.1 at 2014-02-21 15:36:17 -0400
Served asset /jquery.js - 304 Not Modified (1ms)


Started GET "/assets/jquery_ujs.js?body=1" for 127.0.0.1 at 2014-02-21 15:36:17 -0400
Served asset /jquery_ujs.js - 304 Not Modified (0ms)


Started GET "/assets/application.js?body=1" for 127.0.0.1 at 2014-02-21 15:36:17 -0400
Served asset /application.js - 304 Not Modified (0ms)


Started GET "/movies?sorting_by=rating" for 127.0.0.1 at 2014-02-21 15:41:47 -0400
Processing by MoviesController#index as HTML
  Parameters: {"sorting_by"=>"rating"}
  [1m[35mMovie Load (0.2ms)[0m  SELECT "movies".* FROM "movies" 
  Rendered movies/index.html.haml within layouts/application (79.0ms)
Completed 500 Internal Server Error in 85ms

ActionView::Template::Error (Illegal nesting: nesting within plain text is illegal.):
    3: 
    4: = form_tag movies_path, :method => :get do
    5: Include:
    6:    - @all_ratings.each do |rating|
    7:    = rating
    8:    = check_box_tag "ratings[#{rating}]"
    9:    = submit_tag 'Refresh'
  app/views/movies/index.html.haml:6


  Rendered /home/saasbook/.rvm/gems/ruby-2.0.0-p353@railstutorial_rails_4_0/gems/actionpack-3.2.14/lib/action_dispatch/middleware/templates/rescues/_trace.erb (3.6ms)
  Rendered /home/saasbook/.rvm/gems/ruby-2.0.0-p353@railstutorial_rails_4_0/gems/actionpack-3.2.14/lib/action_dispatch/middleware/templates/rescues/_request_and_response.erb (1.3ms)
  Rendered /home/saasbook/.rvm/gems/ruby-2.0.0-p353@railstutorial_rails_4_0/gems/actionpack-3.2.14/lib/action_dispatch/middleware/templates/rescues/template_error.erb within rescues/layout (15.3ms)


Started GET "/movies?sorting_by=rating" for 127.0.0.1 at 2014-02-21 15:42:25 -0400
Processing by MoviesController#index as HTML
  Parameters: {"sorting_by"=>"rating"}
  [1m[36mMovie Load (0.3ms)[0m  [1mSELECT "movies".* FROM "movies" [0m
  Rendered movies/index.html.haml within layouts/application (1.0ms)
Completed 500 Internal Server Error in 7ms

ActionView::Template::Error (Inconsistent indentation: 2 spaces used for indentation, but the rest of the document was indented using 3 spaces.):
    9:    = submit_tag 'Refresh'
    10: 
    11: %table#movies
    12:   %thead
    13:     %tr
    14:       %th{:class => @title_header}= link_to('Movie Title', movies_path(:sorting_by=> 'title'))
    15:       %th{:class => @rating_header}= link_to('Rating', movies_path(:sorting_by=> 'rating'))
  app/views/movies/index.html.haml:12


  Rendered /home/saasbook/.rvm/gems/ruby-2.0.0-p353@railstutorial_rails_4_0/gems/actionpack-3.2.14/lib/action_dispatch/middleware/templates/rescues/_trace.erb (1.5ms)
  Rendered /home/saasbook/.rvm/gems/ruby-2.0.0-p353@railstutorial_rails_4_0/gems/actionpack-3.2.14/lib/action_dispatch/middleware/templates/rescues/_request_and_response.erb (1.1ms)
  Rendered /home/saasbook/.rvm/gems/ruby-2.0.0-p353@railstutorial_rails_4_0/gems/actionpack-3.2.14/lib/action_dispatch/middleware/templates/rescues/template_error.erb within rescues/layout (10.1ms)


Started GET "/movies?sorting_by=rating" for 127.0.0.1 at 2014-02-21 15:43:25 -0400
Processing by MoviesController#index as HTML
  Parameters: {"sorting_by"=>"rating"}
  [1m[35mMovie Load (0.2ms)[0m  SELECT "movies".* FROM "movies" 
  Rendered movies/index.html.haml within layouts/application (10.0ms)
Completed 500 Internal Server Error in 13ms

ActionView::Template::Error (undefined method `each' for nil:NilClass):
    3: 
    4: = form_tag movies_path, :method => :get do
    5:   Include:
    6:   - @all_ratings.each do |rating|
    7:     = rating
    8:     = check_box_tag "ratings[#{rating}]"
    9:   = submit_tag 'Refresh'
  app/views/movies/index.html.haml:6:in `block in _app_views_movies_index_html_haml__378142665__623238668'
  app/views/movies/index.html.haml:4:in `_app_views_movies_index_html_haml__378142665__623238668'


  Rendered /home/saasbook/.rvm/gems/ruby-2.0.0-p353@railstutorial_rails_4_0/gems/actionpack-3.2.14/lib/action_dispatch/middleware/templates/rescues/_trace.erb (1.3ms)
  Rendered /home/saasbook/.rvm/gems/ruby-2.0.0-p353@railstutorial_rails_4_0/gems/actionpack-3.2.14/lib/action_dispatch/middleware/templates/rescues/_request_and_response.erb (1.2ms)
  Rendered /home/saasbook/.rvm/gems/ruby-2.0.0-p353@railstutorial_rails_4_0/gems/actionpack-3.2.14/lib/action_dispatch/middleware/templates/rescues/template_error.erb within rescues/layout (12.4ms)


Started GET "/movies?sorting_by=rating" for 127.0.0.1 at 2014-02-21 15:43:27 -0400
Processing by MoviesController#index as HTML
  Parameters: {"sorting_by"=>"rating"}
  [1m[36mMovie Load (0.5ms)[0m  [1mSELECT "movies".* FROM "movies" [0m
  Rendered movies/index.html.haml within layouts/application (9.2ms)
Completed 500 Internal Server Error in 17ms

ActionView::Template::Error (undefined method `each' for nil:NilClass):
    3: 
    4: = form_tag movies_path, :method => :get do
    5:   Include:
    6:   - @all_ratings.each do |rating|
    7:     = rating
    8:     = check_box_tag "ratings[#{rating}]"
    9:   = submit_tag 'Refresh'
  app/views/movies/index.html.haml:6:in `block in _app_views_movies_index_html_haml__378142665__623238668'
  app/views/movies/index.html.haml:4:in `_app_views_movies_index_html_haml__378142665__623238668'


  Rendered /home/saasbook/.rvm/gems/ruby-2.0.0-p353@railstutorial_rails_4_0/gems/actionpack-3.2.14/lib/action_dispatch/middleware/templates/rescues/_trace.erb (3.2ms)
  Rendered /home/saasbook/.rvm/gems/ruby-2.0.0-p353@railstutorial_rails_4_0/gems/actionpack-3.2.14/lib/action_dispatch/middleware/templates/rescues/_request_and_response.erb (1.0ms)
  Rendered /home/saasbook/.rvm/gems/ruby-2.0.0-p353@railstutorial_rails_4_0/gems/actionpack-3.2.14/lib/action_dispatch/middleware/templates/rescues/template_error.erb within rescues/layout (11.9ms)


Started GET "/movies?sorting_by=rating" for 127.0.0.1 at 2014-02-21 15:47:52 -0400
Processing by MoviesController#index as HTML
  Parameters: {"sorting_by"=>"rating"}
  [1m[35mMovie Load (1.0ms)[0m  SELECT "movies".* FROM "movies" 
  [1m[36mMovie Load (0.2ms)[0m  [1mSELECT "movies".* FROM "movies" ORDER BY rating[0m
  Rendered movies/index.html.haml within layouts/application (11.9ms)
Completed 200 OK in 27ms (Views: 19.2ms | ActiveRecord: 1.2ms)


Started GET "/assets/application.css?body=1" for 127.0.0.1 at 2014-02-21 15:47:52 -0400
Served asset /application.css - 304 Not Modified (0ms)


Started GET "/assets/jquery.js?body=1" for 127.0.0.1 at 2014-02-21 15:47:52 -0400
Served asset /jquery.js - 304 Not Modified (14ms)


Started GET "/assets/application.js?body=1" for 127.0.0.1 at 2014-02-21 15:47:52 -0400
Served asset /application.js - 304 Not Modified (1ms)


Started GET "/assets/jquery_ujs.js?body=1" for 127.0.0.1 at 2014-02-21 15:47:52 -0400
Served asset /jquery_ujs.js - 304 Not Modified (0ms)


Started GET "/movies?utf8=%E2%9C%93&ratings%5BG%5D=1&ratings%5BPG%5D=1&commit=Refresh" for 127.0.0.1 at 2014-02-21 15:47:57 -0400
Processing by MoviesController#index as HTML
  Parameters: {"utf8"=>"✓", "ratings"=>{"G"=>"1", "PG"=>"1"}, "commit"=>"Refresh"}
  [1m[35mMovie Load (0.3ms)[0m  SELECT "movies".* FROM "movies" 
  Rendered movies/index.html.haml within layouts/application (6.0ms)
Completed 200 OK in 22ms (Views: 18.1ms | ActiveRecord: 0.3ms)


Started GET "/assets/application.css?body=1" for 127.0.0.1 at 2014-02-21 15:47:58 -0400
Served asset /application.css - 304 Not Modified (0ms)


Started GET "/assets/jquery_ujs.js?body=1" for 127.0.0.1 at 2014-02-21 15:47:58 -0400
Served asset /jquery_ujs.js - 304 Not Modified (0ms)


Started GET "/assets/jquery.js?body=1" for 127.0.0.1 at 2014-02-21 15:47:58 -0400
Served asset /jquery.js - 304 Not Modified (2ms)


Started GET "/assets/application.js?body=1" for 127.0.0.1 at 2014-02-21 15:47:58 -0400
Served asset /application.js - 304 Not Modified (1ms)


Started GET "/movies?utf8=%E2%9C%93&ratings%5BR%5D=1&commit=Refresh" for 127.0.0.1 at 2014-02-21 15:48:08 -0400
Processing by MoviesController#index as HTML
  Parameters: {"utf8"=>"✓", "ratings"=>{"R"=>"1"}, "commit"=>"Refresh"}
  [1m[36mMovie Load (0.2ms)[0m  [1mSELECT "movies".* FROM "movies" [0m
  Rendered movies/index.html.haml within layouts/application (59.3ms)
Completed 200 OK in 68ms (Views: 66.9ms | ActiveRecord: 0.2ms)


Started GET "/assets/application.css?body=1" for 127.0.0.1 at 2014-02-21 15:48:09 -0400
Served asset /application.css - 304 Not Modified (0ms)


Started GET "/assets/jquery_ujs.js?body=1" for 127.0.0.1 at 2014-02-21 15:48:09 -0400
Served asset /jquery_ujs.js - 304 Not Modified (0ms)


Started GET "/assets/application.js?body=1" for 127.0.0.1 at 2014-02-21 15:48:09 -0400
Served asset /application.js - 304 Not Modified (1ms)


Started GET "/assets/jquery.js?body=1" for 127.0.0.1 at 2014-02-21 15:48:09 -0400
Served asset /jquery.js - 304 Not Modified (0ms)
